<?xml version="1.0" encoding="UTF-8"?>
<!-- Generated by org.testng.reporters.JUnitReportReporter -->
<testsuite skipped="0" hostname="DESKTOP-68BKTVB" name="com.datepicker.testDatePicker" tests="1" failures="0" timestamp="06 Sep 2018 02:21:50 GMT" time="11.963" errors="0">
  <testcase name="launchSite" time="11.963" classname="com.datepicker.testDatePicker"/>
</testsuite> <!-- com.datepicker.testDatePicker -->
