<?xml version="1.0" encoding="UTF-8"?>
<!-- Generated by org.testng.reporters.JUnitReportReporter -->
<testsuite skipped="0" hostname="DESKTOP-68BKTVB" name="com.contextclick.ContextClick" tests="1" failures="0" timestamp="05 Sep 2018 15:30:44 GMT" time="9.580" errors="0">
  <testcase name="launchSite" time="9.580" classname="com.contextclick.ContextClick"/>
</testsuite> <!-- com.contextclick.ContextClick -->
