<?xml version="1.0" encoding="UTF-8"?>
<!-- Generated by org.testng.reporters.JUnitReportReporter -->
<testsuite skipped="0" hostname="DESKTOP-68BKTVB" name="com.draganddrop.DragAndDrop" tests="2" failures="0" timestamp="06 Sep 2018 01:12:35 GMT" time="16.205" errors="0">
  <testcase name="launchSite" time="15.730" classname="com.draganddrop.DragAndDrop"/>
  <testcase name="dandd" time="0.475" classname="com.draganddrop.DragAndDrop"/>
</testsuite> <!-- com.draganddrop.DragAndDrop -->
